
running 1 test
test actions::tests::signatures_havent_changed ... FAILED

failures:

---- actions::tests::signatures_havent_changed stdout ----
thread 'actions::tests::signatures_havent_changed' panicked at integration-tests/src/actions/mod.rs:353:10:
called `Result::unwrap()` on an `Err` value: cannot use either recovery id (0 or 1) to recover pubic key

Stack backtrace:
   0: std::backtrace_rs::backtrace::libunwind::trace
             at /rustc/eeb90cda1969383f56a2637cbd3037bdf598841c/library/std/src/../../backtrace/src/backtrace/libunwind.rs:116:5
   1: std::backtrace_rs::backtrace::trace_unsynchronized
             at /rustc/eeb90cda1969383f56a2637cbd3037bdf598841c/library/std/src/../../backtrace/src/backtrace/mod.rs:66:5
   2: std::backtrace::Backtrace::create
             at /rustc/eeb90cda1969383f56a2637cbd3037bdf598841c/library/std/src/backtrace.rs:331:13
   3: anyhow::error::<impl anyhow::Error>::msg
             at /Users/serhii/.cargo/registry/src/index.crates.io-6f17d22bba15001f/anyhow-1.0.95/src/backtrace.rs:27:14
   4: anyhow::__private::format_err
             at /Users/serhii/.cargo/registry/src/index.crates.io-6f17d22bba15001f/anyhow-1.0.95/src/lib.rs:691:13
   5: mpc_node::kdf::into_eth_sig
             at /Users/serhii/Projects/mpc/chain-signatures/node/src/kdf.rs:64:5
   6: integration_tests::actions::tests::signatures_havent_changed
             at ./src/actions/mod.rs:347:30
   7: integration_tests::actions::tests::signatures_havent_changed::{{closure}}
             at ./src/actions/mod.rs:300:35
   8: core::ops::function::FnOnce::call_once
             at /rustc/eeb90cda1969383f56a2637cbd3037bdf598841c/library/core/src/ops/function.rs:250:5
   9: core::ops::function::FnOnce::call_once
             at /rustc/eeb90cda1969383f56a2637cbd3037bdf598841c/library/core/src/ops/function.rs:250:5
  10: test::__rust_begin_short_backtrace
             at /rustc/eeb90cda1969383f56a2637cbd3037bdf598841c/library/test/src/lib.rs:624:18
  11: test::run_test_in_process::{{closure}}
             at /rustc/eeb90cda1969383f56a2637cbd3037bdf598841c/library/test/src/lib.rs:647:60
  12: <core::panic::unwind_safe::AssertUnwindSafe<F> as core::ops::function::FnOnce<()>>::call_once
             at /rustc/eeb90cda1969383f56a2637cbd3037bdf598841c/library/core/src/panic/unwind_safe.rs:272:9
  13: std::panicking::try::do_call
             at /rustc/eeb90cda1969383f56a2637cbd3037bdf598841c/library/std/src/panicking.rs:557:40
  14: std::panicking::try
             at /rustc/eeb90cda1969383f56a2637cbd3037bdf598841c/library/std/src/panicking.rs:521:19
  15: std::panic::catch_unwind
             at /rustc/eeb90cda1969383f56a2637cbd3037bdf598841c/library/std/src/panic.rs:350:14
  16: test::run_test_in_process
             at /rustc/eeb90cda1969383f56a2637cbd3037bdf598841c/library/test/src/lib.rs:647:27
  17: test::run_test::{{closure}}
             at /rustc/eeb90cda1969383f56a2637cbd3037bdf598841c/library/test/src/lib.rs:568:43
  18: test::run_test::{{closure}}
             at /rustc/eeb90cda1969383f56a2637cbd3037bdf598841c/library/test/src/lib.rs:598:41
  19: std::sys::backtrace::__rust_begin_short_backtrace
             at /rustc/eeb90cda1969383f56a2637cbd3037bdf598841c/library/std/src/sys/backtrace.rs:152:18
  20: std::thread::Builder::spawn_unchecked_::{{closure}}::{{closure}}
             at /rustc/eeb90cda1969383f56a2637cbd3037bdf598841c/library/std/src/thread/mod.rs:538:17
  21: <core::panic::unwind_safe::AssertUnwindSafe<F> as core::ops::function::FnOnce<()>>::call_once
             at /rustc/eeb90cda1969383f56a2637cbd3037bdf598841c/library/core/src/panic/unwind_safe.rs:272:9
  22: std::panicking::try::do_call
             at /rustc/eeb90cda1969383f56a2637cbd3037bdf598841c/library/std/src/panicking.rs:557:40
  23: std::panicking::try
             at /rustc/eeb90cda1969383f56a2637cbd3037bdf598841c/library/std/src/panicking.rs:521:19
  24: std::panic::catch_unwind
             at /rustc/eeb90cda1969383f56a2637cbd3037bdf598841c/library/std/src/panic.rs:350:14
  25: std::thread::Builder::spawn_unchecked_::{{closure}}
             at /rustc/eeb90cda1969383f56a2637cbd3037bdf598841c/library/std/src/thread/mod.rs:537:30
  26: core::ops::function::FnOnce::call_once{{vtable.shim}}
             at /rustc/eeb90cda1969383f56a2637cbd3037bdf598841c/library/core/src/ops/function.rs:250:5
  27: <alloc::boxed::Box<F,A> as core::ops::function::FnOnce<Args>>::call_once
             at /rustc/eeb90cda1969383f56a2637cbd3037bdf598841c/library/alloc/src/boxed.rs:2070:9
  28: <alloc::boxed::Box<F,A> as core::ops::function::FnOnce<Args>>::call_once
             at /rustc/eeb90cda1969383f56a2637cbd3037bdf598841c/library/alloc/src/boxed.rs:2070:9
  29: std::sys::pal::unix::thread::Thread::new::thread_start
             at /rustc/eeb90cda1969383f56a2637cbd3037bdf598841c/library/std/src/sys/pal/unix/thread.rs:108:17
  30: __pthread_deallocate
stack backtrace:
   0: rust_begin_unwind
             at /rustc/eeb90cda1969383f56a2637cbd3037bdf598841c/library/std/src/panicking.rs:665:5
   1: core::panicking::panic_fmt
             at /rustc/eeb90cda1969383f56a2637cbd3037bdf598841c/library/core/src/panicking.rs:74:14
   2: core::result::unwrap_failed
             at /rustc/eeb90cda1969383f56a2637cbd3037bdf598841c/library/core/src/result.rs:1679:5
   3: core::result::Result<T,E>::unwrap
             at /rustc/eeb90cda1969383f56a2637cbd3037bdf598841c/library/core/src/result.rs:1102:23
   4: integration_tests::actions::tests::signatures_havent_changed
             at ./src/actions/mod.rs:347:30
   5: integration_tests::actions::tests::signatures_havent_changed::{{closure}}
             at ./src/actions/mod.rs:300:35
   6: core::ops::function::FnOnce::call_once
             at /rustc/eeb90cda1969383f56a2637cbd3037bdf598841c/library/core/src/ops/function.rs:250:5
   7: core::ops::function::FnOnce::call_once
             at /rustc/eeb90cda1969383f56a2637cbd3037bdf598841c/library/core/src/ops/function.rs:250:5
note: Some details are omitted, run with `RUST_BACKTRACE=full` for a verbose backtrace.


failures:
    actions::tests::signatures_havent_changed

test result: FAILED. 0 passed; 1 failed; 0 ignored; 0 measured; 0 filtered out; finished in 0.02s

